<?xml version="1.0" encoding="UTF-8"?>
<!-- Generated by org.testng.reporters.JUnitReportReporter -->
<testsuite hostname="TaeTae" failures="0" tests="1" name="basicTestScript.ToSendAMailAndVerify" time="0.008" errors="0" timestamp="2023-02-07T12:48:42 IST" skipped="0">
  <testcase classname="basicTestScript.ToSendAMailAndVerify" name="sendAMailAndVerify" time="0.008"/>
  <system-out/>
</testsuite> <!-- basicTestScript.ToSendAMailAndVerify -->
